=== tuned-Karras-rho* sweep on UniPC ===
start: Tue May 26 06:26:33 PM PDT 2026
2026-05-26 18:26:45,066 INFO wrote samples to outputs/samples/20260526T182634_validation_cifar10_unipc_nfe5_seed0_7b1368/samples.npz (6.1 MB)
rho=1 nfe=5 seed=0: 2026-05-26 18:26:57,141 INFO FID = 213.5154  (n=2000)
2026-05-26 18:27:09,066 INFO wrote samples to outputs/samples/20260526T182658_validation_cifar10_unipc_nfe5_seed1_596d97/samples.npz (6.1 MB)
rho=1 nfe=5 seed=1: 2026-05-26 18:27:21,247 INFO FID = 214.4750  (n=2000)
2026-05-26 18:27:33,190 INFO wrote samples to outputs/samples/20260526T182723_validation_cifar10_unipc_nfe5_seed2_9da4e9/samples.npz (6.1 MB)
rho=1 nfe=5 seed=2: 2026-05-26 18:27:45,462 INFO FID = 215.2842  (n=2000)
2026-05-26 18:28:03,056 INFO wrote samples to outputs/samples/20260526T182747_validation_cifar10_unipc_nfe8_seed0_c28b4d/samples.npz (6.1 MB)
rho=1 nfe=8 seed=0: 2026-05-26 18:28:15,286 INFO FID = 163.8120  (n=2000)
2026-05-26 18:28:32,887 INFO wrote samples to outputs/samples/20260526T182817_validation_cifar10_unipc_nfe8_seed1_877f9a/samples.npz (6.1 MB)
rho=1 nfe=8 seed=1: 2026-05-26 18:28:45,037 INFO FID = 163.8977  (n=2000)
2026-05-26 18:29:02,588 INFO wrote samples to outputs/samples/20260526T182846_validation_cifar10_unipc_nfe8_seed2_782b4a/samples.npz (6.1 MB)
rho=1 nfe=8 seed=2: 2026-05-26 18:29:14,740 INFO FID = 163.5213  (n=2000)
2026-05-26 18:29:39,830 INFO wrote samples to outputs/samples/20260526T182916_validation_cifar10_unipc_nfe12_seed0_c22ad0/samples.npz (6.1 MB)
rho=1 nfe=12 seed=0: 2026-05-26 18:29:51,860 INFO FID = 141.0369  (n=2000)
2026-05-26 18:30:16,859 INFO wrote samples to outputs/samples/20260526T182953_validation_cifar10_unipc_nfe12_seed1_3e42f8/samples.npz (6.1 MB)
rho=1 nfe=12 seed=1: 2026-05-26 18:30:28,898 INFO FID = 139.9306  (n=2000)
2026-05-26 18:30:53,899 INFO wrote samples to outputs/samples/20260526T183030_validation_cifar10_unipc_nfe12_seed2_3f2be9/samples.npz (6.1 MB)
rho=1 nfe=12 seed=2: 2026-05-26 18:31:05,948 INFO FID = 140.2870  (n=2000)
2026-05-26 18:31:42,232 INFO wrote samples to outputs/samples/20260526T183107_validation_cifar10_unipc_nfe18_seed0_2cefec/samples.npz (6.1 MB)
rho=1 nfe=18 seed=0: 2026-05-26 18:31:54,237 INFO FID = 114.2233  (n=2000)
2026-05-26 18:32:30,572 INFO wrote samples to outputs/samples/20260526T183156_validation_cifar10_unipc_nfe18_seed1_1eecec/samples.npz (6.1 MB)
rho=1 nfe=18 seed=1: 2026-05-26 18:32:42,573 INFO FID = 112.9852  (n=2000)
2026-05-26 18:33:18,895 INFO wrote samples to outputs/samples/20260526T183244_validation_cifar10_unipc_nfe18_seed2_4bd535/samples.npz (6.1 MB)
rho=1 nfe=18 seed=2: 2026-05-26 18:33:31,029 INFO FID = 113.4475  (n=2000)
2026-05-26 18:34:33,689 INFO wrote samples to outputs/samples/20260526T183332_validation_cifar10_unipc_nfe32_seed0_d1966a/samples.npz (6.1 MB)
rho=1 nfe=32 seed=0: 2026-05-26 18:34:45,707 INFO FID = 78.7608  (n=2000)
2026-05-26 18:35:48,368 INFO wrote samples to outputs/samples/20260526T183447_validation_cifar10_unipc_nfe32_seed1_92df88/samples.npz (6.1 MB)
rho=1 nfe=32 seed=1: 2026-05-26 18:36:00,490 INFO FID = 77.9009  (n=2000)
2026-05-26 18:37:03,168 INFO wrote samples to outputs/samples/20260526T183602_validation_cifar10_unipc_nfe32_seed2_8411e6/samples.npz (6.1 MB)
rho=1 nfe=32 seed=2: 2026-05-26 18:37:15,234 INFO FID = 77.3108  (n=2000)
2026-05-26 18:39:18,170 INFO wrote samples to outputs/samples/20260526T183716_validation_cifar10_unipc_nfe64_seed0_244fed/samples.npz (6.1 MB)
rho=1 nfe=64 seed=0: 2026-05-26 18:39:30,436 INFO FID = 51.7278  (n=2000)
2026-05-26 18:41:33,381 INFO wrote samples to outputs/samples/20260526T183932_validation_cifar10_unipc_nfe64_seed1_d89283/samples.npz (6.1 MB)
rho=1 nfe=64 seed=1: 2026-05-26 18:41:45,429 INFO FID = 51.9666  (n=2000)
2026-05-26 18:43:48,419 INFO wrote samples to outputs/samples/20260526T184147_validation_cifar10_unipc_nfe64_seed2_c89380/samples.npz (6.1 MB)
rho=1 nfe=64 seed=2: 2026-05-26 18:44:00,623 INFO FID = 50.2403  (n=2000)
2026-05-26 18:44:12,559 INFO wrote samples to outputs/samples/20260526T184402_validation_cifar10_unipc_nfe5_seed0_ca443b/samples.npz (6.1 MB)
rho=2 nfe=5 seed=0: 2026-05-26 18:44:24,667 INFO FID = 131.6022  (n=2000)
2026-05-26 18:44:36,585 INFO wrote samples to outputs/samples/20260526T184426_validation_cifar10_unipc_nfe5_seed1_4c574e/samples.npz (6.1 MB)
rho=2 nfe=5 seed=1: 2026-05-26 18:44:48,609 INFO FID = 129.9252  (n=2000)
2026-05-26 18:45:00,580 INFO wrote samples to outputs/samples/20260526T184450_validation_cifar10_unipc_nfe5_seed2_3bf16d/samples.npz (6.1 MB)
rho=2 nfe=5 seed=2: 2026-05-26 18:45:12,850 INFO FID = 130.6974  (n=2000)
2026-05-26 18:45:30,438 INFO wrote samples to outputs/samples/20260526T184514_validation_cifar10_unipc_nfe8_seed0_1943f3/samples.npz (6.1 MB)
rho=2 nfe=8 seed=0: 2026-05-26 18:45:42,607 INFO FID = 70.2952  (n=2000)
2026-05-26 18:46:00,255 INFO wrote samples to outputs/samples/20260526T184544_validation_cifar10_unipc_nfe8_seed1_7a820b/samples.npz (6.1 MB)
rho=2 nfe=8 seed=1: 2026-05-26 18:46:12,348 INFO FID = 71.8157  (n=2000)
2026-05-26 18:46:29,870 INFO wrote samples to outputs/samples/20260526T184614_validation_cifar10_unipc_nfe8_seed2_2930b5/samples.npz (6.1 MB)
rho=2 nfe=8 seed=2: 2026-05-26 18:46:41,917 INFO FID = 70.4266  (n=2000)
2026-05-26 18:47:06,974 INFO wrote samples to outputs/samples/20260526T184643_validation_cifar10_unipc_nfe12_seed0_89c404/samples.npz (6.1 MB)
rho=2 nfe=12 seed=0: 2026-05-26 18:47:19,018 INFO FID = 43.4396  (n=2000)
2026-05-26 18:47:44,145 INFO wrote samples to outputs/samples/20260526T184720_validation_cifar10_unipc_nfe12_seed1_43be1d/samples.npz (6.1 MB)
rho=2 nfe=12 seed=1: 2026-05-26 18:47:56,231 INFO FID = 43.8828  (n=2000)
2026-05-26 18:48:21,323 INFO wrote samples to outputs/samples/20260526T184758_validation_cifar10_unipc_nfe12_seed2_673d0e/samples.npz (6.1 MB)
rho=2 nfe=12 seed=2: 2026-05-26 18:48:33,393 INFO FID = 43.7779  (n=2000)
2026-05-26 18:49:09,734 INFO wrote samples to outputs/samples/20260526T184835_validation_cifar10_unipc_nfe18_seed0_132e21/samples.npz (6.1 MB)
rho=2 nfe=18 seed=0: 2026-05-26 18:49:22,053 INFO FID = 30.7458  (n=2000)
2026-05-26 18:49:58,444 INFO wrote samples to outputs/samples/20260526T184923_validation_cifar10_unipc_nfe18_seed1_f39efa/samples.npz (6.1 MB)
rho=2 nfe=18 seed=1: 2026-05-26 18:50:10,591 INFO FID = 30.7129  (n=2000)
2026-05-26 18:50:46,986 INFO wrote samples to outputs/samples/20260526T185012_validation_cifar10_unipc_nfe18_seed2_a29d08/samples.npz (6.1 MB)
rho=2 nfe=18 seed=2: 2026-05-26 18:50:59,112 INFO FID = 29.9606  (n=2000)
2026-05-26 18:52:01,780 INFO wrote samples to outputs/samples/20260526T185100_validation_cifar10_unipc_nfe32_seed0_3b46ff/samples.npz (6.1 MB)
rho=2 nfe=32 seed=0: 2026-05-26 18:52:13,887 INFO FID = 21.4909  (n=2000)
2026-05-26 18:53:16,548 INFO wrote samples to outputs/samples/20260526T185215_validation_cifar10_unipc_nfe32_seed1_d0a14f/samples.npz (6.1 MB)
rho=2 nfe=32 seed=1: 2026-05-26 18:53:28,667 INFO FID = 21.1323  (n=2000)
2026-05-26 18:54:31,368 INFO wrote samples to outputs/samples/20260526T185330_validation_cifar10_unipc_nfe32_seed2_dcdc54/samples.npz (6.1 MB)
rho=2 nfe=32 seed=2: 2026-05-26 18:54:43,521 INFO FID = 21.1031  (n=2000)
2026-05-26 18:56:46,540 INFO wrote samples to outputs/samples/20260526T185445_validation_cifar10_unipc_nfe64_seed0_5aacae/samples.npz (6.1 MB)
rho=2 nfe=64 seed=0: 2026-05-26 18:56:59,048 INFO FID = 16.8696  (n=2000)
2026-05-26 18:59:01,968 INFO wrote samples to outputs/samples/20260526T185700_validation_cifar10_unipc_nfe64_seed1_52774e/samples.npz (6.1 MB)
rho=2 nfe=64 seed=1: 2026-05-26 18:59:14,069 INFO FID = 16.9424  (n=2000)
2026-05-26 19:01:16,971 INFO wrote samples to outputs/samples/20260526T185915_validation_cifar10_unipc_nfe64_seed2_927f8e/samples.npz (6.1 MB)
rho=2 nfe=64 seed=2: 2026-05-26 19:01:29,116 INFO FID = 16.8609  (n=2000)
2026-05-26 19:01:41,037 INFO wrote samples to outputs/samples/20260526T190130_validation_cifar10_unipc_nfe5_seed0_07eed2/samples.npz (6.1 MB)
rho=3 nfe=5 seed=0: 2026-05-26 19:01:53,101 INFO FID = 74.0125  (n=2000)
2026-05-26 19:02:04,994 INFO wrote samples to outputs/samples/20260526T190154_validation_cifar10_unipc_nfe5_seed1_4095f9/samples.npz (6.1 MB)
rho=3 nfe=5 seed=1: 2026-05-26 19:02:17,103 INFO FID = 75.1041  (n=2000)
2026-05-26 19:02:29,033 INFO wrote samples to outputs/samples/20260526T190218_validation_cifar10_unipc_nfe5_seed2_26c885/samples.npz (6.1 MB)
rho=3 nfe=5 seed=2: 2026-05-26 19:02:41,737 INFO FID = 73.0777  (n=2000)
2026-05-26 19:02:59,244 INFO wrote samples to outputs/samples/20260526T190243_validation_cifar10_unipc_nfe8_seed0_b08e36/samples.npz (6.1 MB)
rho=3 nfe=8 seed=0: 2026-05-26 19:03:11,302 INFO FID = 36.7226  (n=2000)
2026-05-26 19:03:28,855 INFO wrote samples to outputs/samples/20260526T190313_validation_cifar10_unipc_nfe8_seed1_6197c2/samples.npz (6.1 MB)
rho=3 nfe=8 seed=1: 2026-05-26 19:03:40,938 INFO FID = 37.9642  (n=2000)
2026-05-26 19:03:58,463 INFO wrote samples to outputs/samples/20260526T190342_validation_cifar10_unipc_nfe8_seed2_34fc10/samples.npz (6.1 MB)
rho=3 nfe=8 seed=2: 2026-05-26 19:04:10,427 INFO FID = 37.5435  (n=2000)
2026-05-26 19:04:35,518 INFO wrote samples to outputs/samples/20260526T190412_validation_cifar10_unipc_nfe12_seed0_5f582e/samples.npz (6.1 MB)
rho=3 nfe=12 seed=0: 2026-05-26 19:04:47,536 INFO FID = 25.1400  (n=2000)
2026-05-26 19:05:12,589 INFO wrote samples to outputs/samples/20260526T190449_validation_cifar10_unipc_nfe12_seed1_cb37b8/samples.npz (6.1 MB)
rho=3 nfe=12 seed=1: 2026-05-26 19:05:24,685 INFO FID = 24.8543  (n=2000)
2026-05-26 19:05:49,746 INFO wrote samples to outputs/samples/20260526T190526_validation_cifar10_unipc_nfe12_seed2_07b1f4/samples.npz (6.1 MB)
rho=3 nfe=12 seed=2: 2026-05-26 19:06:01,978 INFO FID = 24.9570  (n=2000)
2026-05-26 19:06:38,294 INFO wrote samples to outputs/samples/20260526T190603_validation_cifar10_unipc_nfe18_seed0_f01444/samples.npz (6.1 MB)
rho=3 nfe=18 seed=0: 2026-05-26 19:06:50,445 INFO FID = 19.3485  (n=2000)
2026-05-26 19:07:26,763 INFO wrote samples to outputs/samples/20260526T190652_validation_cifar10_unipc_nfe18_seed1_8fed4f/samples.npz (6.1 MB)
rho=3 nfe=18 seed=1: 2026-05-26 19:07:39,491 INFO FID = 19.1693  (n=2000)
2026-05-26 19:08:15,815 INFO wrote samples to outputs/samples/20260526T190741_validation_cifar10_unipc_nfe18_seed2_387935/samples.npz (6.1 MB)
rho=3 nfe=18 seed=2: 2026-05-26 19:08:27,839 INFO FID = 18.9572  (n=2000)
2026-05-26 19:09:30,486 INFO wrote samples to outputs/samples/20260526T190829_validation_cifar10_unipc_nfe32_seed0_e95f2d/samples.npz (6.1 MB)
rho=3 nfe=32 seed=0: 2026-05-26 19:09:42,715 INFO FID = 16.2832  (n=2000)
2026-05-26 19:10:45,411 INFO wrote samples to outputs/samples/20260526T190944_validation_cifar10_unipc_nfe32_seed1_f4bb0d/samples.npz (6.1 MB)
rho=3 nfe=32 seed=1: 2026-05-26 19:10:57,505 INFO FID = 16.3401  (n=2000)
2026-05-26 19:12:00,180 INFO wrote samples to outputs/samples/20260526T191059_validation_cifar10_unipc_nfe32_seed2_03d299/samples.npz (6.1 MB)
rho=3 nfe=32 seed=2: 2026-05-26 19:12:12,209 INFO FID = 16.2917  (n=2000)
2026-05-26 19:14:15,041 INFO wrote samples to outputs/samples/20260526T191213_validation_cifar10_unipc_nfe64_seed0_3f63af/samples.npz (6.1 MB)
rho=3 nfe=64 seed=0: 2026-05-26 19:14:27,194 INFO FID = 15.7807  (n=2000)
2026-05-26 19:16:30,106 INFO wrote samples to outputs/samples/20260526T191428_validation_cifar10_unipc_nfe64_seed1_a0416b/samples.npz (6.1 MB)
rho=3 nfe=64 seed=1: 2026-05-26 19:16:42,281 INFO FID = 15.8628  (n=2000)
2026-05-26 19:18:45,169 INFO wrote samples to outputs/samples/20260526T191644_validation_cifar10_unipc_nfe64_seed2_5a8801/samples.npz (6.1 MB)
rho=3 nfe=64 seed=2: 2026-05-26 19:18:57,281 INFO FID = 15.8814  (n=2000)
2026-05-26 19:19:09,179 INFO wrote samples to outputs/samples/20260526T191859_validation_cifar10_unipc_nfe5_seed0_b233cb/samples.npz (6.1 MB)
rho=5 nfe=5 seed=0: 2026-05-26 19:19:21,448 INFO FID = 50.7331  (n=2000)
2026-05-26 19:19:33,354 INFO wrote samples to outputs/samples/20260526T191923_validation_cifar10_unipc_nfe5_seed1_86ce6f/samples.npz (6.1 MB)
rho=5 nfe=5 seed=1: 2026-05-26 19:19:45,515 INFO FID = 53.0559  (n=2000)
2026-05-26 19:19:57,430 INFO wrote samples to outputs/samples/20260526T191947_validation_cifar10_unipc_nfe5_seed2_58a0a9/samples.npz (6.1 MB)
rho=5 nfe=5 seed=2: 2026-05-26 19:20:09,451 INFO FID = 53.9133  (n=2000)
2026-05-26 19:20:27,000 INFO wrote samples to outputs/samples/20260526T192011_validation_cifar10_unipc_nfe8_seed0_cf069f/samples.npz (6.1 MB)
rho=5 nfe=8 seed=0: 2026-05-26 19:20:39,122 INFO FID = 26.0997  (n=2000)
2026-05-26 19:20:56,681 INFO wrote samples to outputs/samples/20260526T192040_validation_cifar10_unipc_nfe8_seed1_566362/samples.npz (6.1 MB)
rho=5 nfe=8 seed=1: 2026-05-26 19:21:08,887 INFO FID = 26.8206  (n=2000)
2026-05-26 19:21:26,405 INFO wrote samples to outputs/samples/20260526T192110_validation_cifar10_unipc_nfe8_seed2_c25ddc/samples.npz (6.1 MB)
rho=5 nfe=8 seed=2: 2026-05-26 19:21:38,575 INFO FID = 26.5962  (n=2000)
2026-05-26 19:22:03,654 INFO wrote samples to outputs/samples/20260526T192140_validation_cifar10_unipc_nfe12_seed0_bf7c0b/samples.npz (6.1 MB)
rho=5 nfe=12 seed=0: 2026-05-26 19:22:15,778 INFO FID = 18.4936  (n=2000)
2026-05-26 19:22:40,828 INFO wrote samples to outputs/samples/20260526T192217_validation_cifar10_unipc_nfe12_seed1_eb9c4c/samples.npz (6.1 MB)
rho=5 nfe=12 seed=1: 2026-05-26 19:22:52,917 INFO FID = 18.4818  (n=2000)
2026-05-26 19:23:17,951 INFO wrote samples to outputs/samples/20260526T192254_validation_cifar10_unipc_nfe12_seed2_722d2a/samples.npz (6.1 MB)
rho=5 nfe=12 seed=2: 2026-05-26 19:23:30,036 INFO FID = 18.4290  (n=2000)
2026-05-26 19:24:06,351 INFO wrote samples to outputs/samples/20260526T192331_validation_cifar10_unipc_nfe18_seed0_e6188f/samples.npz (6.1 MB)
rho=5 nfe=18 seed=0: 2026-05-26 19:24:18,373 INFO FID = 16.3436  (n=2000)
2026-05-26 19:24:54,722 INFO wrote samples to outputs/samples/20260526T192420_validation_cifar10_unipc_nfe18_seed1_efcbd1/samples.npz (6.1 MB)
rho=5 nfe=18 seed=1: 2026-05-26 19:25:06,744 INFO FID = 16.4186  (n=2000)
2026-05-26 19:25:43,092 INFO wrote samples to outputs/samples/20260526T192508_validation_cifar10_unipc_nfe18_seed2_36ac41/samples.npz (6.1 MB)
rho=5 nfe=18 seed=2: 2026-05-26 19:25:55,184 INFO FID = 16.3861  (n=2000)
2026-05-26 19:26:57,885 INFO wrote samples to outputs/samples/20260526T192556_validation_cifar10_unipc_nfe32_seed0_ba4a0d/samples.npz (6.1 MB)
rho=5 nfe=32 seed=0: 2026-05-26 19:27:10,043 INFO FID = 15.8331  (n=2000)
2026-05-26 19:28:12,734 INFO wrote samples to outputs/samples/20260526T192711_validation_cifar10_unipc_nfe32_seed1_36cfa3/samples.npz (6.1 MB)
rho=5 nfe=32 seed=1: 2026-05-26 19:28:24,776 INFO FID = 15.9099  (n=2000)
2026-05-26 19:29:27,494 INFO wrote samples to outputs/samples/20260526T192826_validation_cifar10_unipc_nfe32_seed2_addc3c/samples.npz (6.1 MB)
rho=5 nfe=32 seed=2: 2026-05-26 19:29:39,599 INFO FID = 15.9129  (n=2000)
2026-05-26 19:31:42,564 INFO wrote samples to outputs/samples/20260526T192941_validation_cifar10_unipc_nfe64_seed0_d9c4f0/samples.npz (6.1 MB)
rho=5 nfe=64 seed=0: 2026-05-26 19:31:54,704 INFO FID = 15.7700  (n=2000)
2026-05-26 19:33:57,621 INFO wrote samples to outputs/samples/20260526T193156_validation_cifar10_unipc_nfe64_seed1_206355/samples.npz (6.1 MB)
rho=5 nfe=64 seed=1: 2026-05-26 19:34:09,809 INFO FID = 15.8163  (n=2000)
2026-05-26 19:36:12,651 INFO wrote samples to outputs/samples/20260526T193411_validation_cifar10_unipc_nfe64_seed2_e1033f/samples.npz (6.1 MB)
rho=5 nfe=64 seed=2: 2026-05-26 19:36:24,705 INFO FID = 15.8273  (n=2000)
2026-05-26 19:36:36,640 INFO wrote samples to outputs/samples/20260526T193626_validation_cifar10_unipc_nfe5_seed0_6267ed/samples.npz (6.1 MB)
rho=9 nfe=5 seed=0: 2026-05-26 19:36:48,717 INFO FID = 51.1129  (n=2000)
2026-05-26 19:37:00,643 INFO wrote samples to outputs/samples/20260526T193650_validation_cifar10_unipc_nfe5_seed1_e98983/samples.npz (6.1 MB)
rho=9 nfe=5 seed=1: 2026-05-26 19:37:12,723 INFO FID = 52.1078  (n=2000)
2026-05-26 19:37:24,653 INFO wrote samples to outputs/samples/20260526T193714_validation_cifar10_unipc_nfe5_seed2_1aad1f/samples.npz (6.1 MB)
rho=9 nfe=5 seed=2: 2026-05-26 19:37:36,749 INFO FID = 51.2891  (n=2000)
2026-05-26 19:37:54,325 INFO wrote samples to outputs/samples/20260526T193738_validation_cifar10_unipc_nfe8_seed0_795b8f/samples.npz (6.1 MB)
rho=9 nfe=8 seed=0: 2026-05-26 19:38:06,466 INFO FID = 22.4453  (n=2000)
2026-05-26 19:38:24,021 INFO wrote samples to outputs/samples/20260526T193808_validation_cifar10_unipc_nfe8_seed1_1cda71/samples.npz (6.1 MB)
rho=9 nfe=8 seed=1: 2026-05-26 19:38:36,066 INFO FID = 23.0938  (n=2000)
2026-05-26 19:38:53,636 INFO wrote samples to outputs/samples/20260526T193837_validation_cifar10_unipc_nfe8_seed2_0392e2/samples.npz (6.1 MB)
rho=9 nfe=8 seed=2: 2026-05-26 19:39:05,791 INFO FID = 23.2286  (n=2000)
2026-05-26 19:39:30,829 INFO wrote samples to outputs/samples/20260526T193907_validation_cifar10_unipc_nfe12_seed0_8983cd/samples.npz (6.1 MB)
rho=9 nfe=12 seed=0: 2026-05-26 19:39:42,938 INFO FID = 17.0938  (n=2000)
2026-05-26 19:40:07,982 INFO wrote samples to outputs/samples/20260526T193944_validation_cifar10_unipc_nfe12_seed1_eb5315/samples.npz (6.1 MB)
rho=9 nfe=12 seed=1: 2026-05-26 19:40:20,156 INFO FID = 17.1956  (n=2000)
2026-05-26 19:40:45,243 INFO wrote samples to outputs/samples/20260526T194021_validation_cifar10_unipc_nfe12_seed2_5dd4d2/samples.npz (6.1 MB)
rho=9 nfe=12 seed=2: 2026-05-26 19:40:57,297 INFO FID = 17.2463  (n=2000)
2026-05-26 19:41:33,608 INFO wrote samples to outputs/samples/20260526T194059_validation_cifar10_unipc_nfe18_seed0_429aca/samples.npz (6.1 MB)
rho=9 nfe=18 seed=0: 2026-05-26 19:41:45,802 INFO FID = 16.0227  (n=2000)
2026-05-26 19:42:22,153 INFO wrote samples to outputs/samples/20260526T194147_validation_cifar10_unipc_nfe18_seed1_bea7fd/samples.npz (6.1 MB)
rho=9 nfe=18 seed=1: 2026-05-26 19:42:34,279 INFO FID = 16.2061  (n=2000)
2026-05-26 19:43:10,652 INFO wrote samples to outputs/samples/20260526T194236_validation_cifar10_unipc_nfe18_seed2_85416a/samples.npz (6.1 MB)
rho=9 nfe=18 seed=2: 2026-05-26 19:43:22,773 INFO FID = 16.1597  (n=2000)
2026-05-26 19:44:25,428 INFO wrote samples to outputs/samples/20260526T194324_validation_cifar10_unipc_nfe32_seed0_3094c2/samples.npz (6.1 MB)
rho=9 nfe=32 seed=0: 2026-05-26 19:44:37,520 INFO FID = 15.8096  (n=2000)
2026-05-26 19:45:40,230 INFO wrote samples to outputs/samples/20260526T194439_validation_cifar10_unipc_nfe32_seed1_84d9cf/samples.npz (6.1 MB)
rho=9 nfe=32 seed=1: 2026-05-26 19:45:52,384 INFO FID = 15.8922  (n=2000)
2026-05-26 19:46:55,088 INFO wrote samples to outputs/samples/20260526T194554_validation_cifar10_unipc_nfe32_seed2_4e2722/samples.npz (6.1 MB)
rho=9 nfe=32 seed=2: 2026-05-26 19:47:07,182 INFO FID = 15.8862  (n=2000)
2026-05-26 19:49:10,119 INFO wrote samples to outputs/samples/20260526T194708_validation_cifar10_unipc_nfe64_seed0_6aeced/samples.npz (6.1 MB)
rho=9 nfe=64 seed=0: 2026-05-26 19:49:22,233 INFO FID = 15.7669  (n=2000)
2026-05-26 19:51:25,184 INFO wrote samples to outputs/samples/20260526T194924_validation_cifar10_unipc_nfe64_seed1_9fb84e/samples.npz (6.1 MB)
rho=9 nfe=64 seed=1: 2026-05-26 19:51:37,445 INFO FID = 15.8153  (n=2000)
2026-05-26 19:53:40,437 INFO wrote samples to outputs/samples/20260526T195139_validation_cifar10_unipc_nfe64_seed2_179647/samples.npz (6.1 MB)
rho=9 nfe=64 seed=2: 2026-05-26 19:53:52,543 INFO FID = 15.8285  (n=2000)
2026-05-26 19:54:04,457 INFO wrote samples to outputs/samples/20260526T195354_validation_cifar10_unipc_nfe5_seed0_2efe22/samples.npz (6.1 MB)
rho=12 nfe=5 seed=0: 2026-05-26 19:54:16,489 INFO FID = 50.9708  (n=2000)
2026-05-26 19:54:28,423 INFO wrote samples to outputs/samples/20260526T195418_validation_cifar10_unipc_nfe5_seed1_d88742/samples.npz (6.1 MB)
rho=12 nfe=5 seed=1: 2026-05-26 19:54:40,468 INFO FID = 52.6542  (n=2000)
2026-05-26 19:54:52,368 INFO wrote samples to outputs/samples/20260526T195442_validation_cifar10_unipc_nfe5_seed2_ebc152/samples.npz (6.1 MB)
rho=12 nfe=5 seed=2: 2026-05-26 19:55:04,447 INFO FID = 52.0036  (n=2000)
2026-05-26 19:55:21,974 INFO wrote samples to outputs/samples/20260526T195506_validation_cifar10_unipc_nfe8_seed0_a04806/samples.npz (6.1 MB)
rho=12 nfe=8 seed=0: 2026-05-26 19:55:34,087 INFO FID = 22.0997  (n=2000)
2026-05-26 19:55:51,616 INFO wrote samples to outputs/samples/20260526T195535_validation_cifar10_unipc_nfe8_seed1_14af48/samples.npz (6.1 MB)
rho=12 nfe=8 seed=1: 2026-05-26 19:56:03,626 INFO FID = 22.6625  (n=2000)
2026-05-26 19:56:21,167 INFO wrote samples to outputs/samples/20260526T195605_validation_cifar10_unipc_nfe8_seed2_9ff5d8/samples.npz (6.1 MB)
rho=12 nfe=8 seed=2: 2026-05-26 19:56:33,181 INFO FID = 22.6180  (n=2000)
2026-05-26 19:56:58,233 INFO wrote samples to outputs/samples/20260526T195634_validation_cifar10_unipc_nfe12_seed0_65728c/samples.npz (6.1 MB)
rho=12 nfe=12 seed=0: 2026-05-26 19:57:10,241 INFO FID = 16.9794  (n=2000)
2026-05-26 19:57:35,322 INFO wrote samples to outputs/samples/20260526T195712_validation_cifar10_unipc_nfe12_seed1_cb9e3b/samples.npz (6.1 MB)
rho=12 nfe=12 seed=1: 2026-05-26 19:57:47,447 INFO FID = 17.1318  (n=2000)
2026-05-26 19:58:12,532 INFO wrote samples to outputs/samples/20260526T195749_validation_cifar10_unipc_nfe12_seed2_92e71d/samples.npz (6.1 MB)
rho=12 nfe=12 seed=2: 2026-05-26 19:58:24,630 INFO FID = 17.1093  (n=2000)
2026-05-26 19:59:01,009 INFO wrote samples to outputs/samples/20260526T195826_validation_cifar10_unipc_nfe18_seed0_be11d5/samples.npz (6.1 MB)
rho=12 nfe=18 seed=0: 2026-05-26 19:59:13,011 INFO FID = 16.0016  (n=2000)
2026-05-26 19:59:49,371 INFO wrote samples to outputs/samples/20260526T195914_validation_cifar10_unipc_nfe18_seed1_6ec404/samples.npz (6.1 MB)
rho=12 nfe=18 seed=1: 2026-05-26 20:00:01,483 INFO FID = 16.1874  (n=2000)
2026-05-26 20:00:37,868 INFO wrote samples to outputs/samples/20260526T200003_validation_cifar10_unipc_nfe18_seed2_2c82ef/samples.npz (6.1 MB)
rho=12 nfe=18 seed=2: 2026-05-26 20:00:50,002 INFO FID = 16.1766  (n=2000)
2026-05-26 20:01:52,665 INFO wrote samples to outputs/samples/20260526T200051_validation_cifar10_unipc_nfe32_seed0_e6c63d/samples.npz (6.1 MB)
rho=12 nfe=32 seed=0: 2026-05-26 20:02:04,835 INFO FID = 15.8215  (n=2000)
2026-05-26 20:03:07,531 INFO wrote samples to outputs/samples/20260526T200206_validation_cifar10_unipc_nfe32_seed1_3a1764/samples.npz (6.1 MB)
rho=12 nfe=32 seed=1: 2026-05-26 20:03:19,634 INFO FID = 15.8786  (n=2000)
2026-05-26 20:04:22,321 INFO wrote samples to outputs/samples/20260526T200321_validation_cifar10_unipc_nfe32_seed2_9c420a/samples.npz (6.1 MB)
rho=12 nfe=32 seed=2: 2026-05-26 20:04:34,446 INFO FID = 15.8884  (n=2000)
2026-05-26 20:06:37,363 INFO wrote samples to outputs/samples/20260526T200436_validation_cifar10_unipc_nfe64_seed0_827120/samples.npz (6.1 MB)
rho=12 nfe=64 seed=0: 2026-05-26 20:06:49,466 INFO FID = 15.7658  (n=2000)
2026-05-26 20:08:52,362 INFO wrote samples to outputs/samples/20260526T200651_validation_cifar10_unipc_nfe64_seed1_124c6b/samples.npz (6.1 MB)
rho=12 nfe=64 seed=1: 2026-05-26 20:09:04,462 INFO FID = 15.8151  (n=2000)
2026-05-26 20:11:07,378 INFO wrote samples to outputs/samples/20260526T200906_validation_cifar10_unipc_nfe64_seed2_6f903e/samples.npz (6.1 MB)
rho=12 nfe=64 seed=2: 2026-05-26 20:11:19,507 INFO FID = 15.8261  (n=2000)
2026-05-26 20:11:31,451 INFO wrote samples to outputs/samples/20260526T201121_validation_cifar10_unipc_nfe5_seed0_348bd1/samples.npz (6.1 MB)
rho=15 nfe=5 seed=0: 2026-05-26 20:11:43,563 INFO FID = 51.1136  (n=2000)
2026-05-26 20:11:55,462 INFO wrote samples to outputs/samples/20260526T201145_validation_cifar10_unipc_nfe5_seed1_4b6c1d/samples.npz (6.1 MB)
rho=15 nfe=5 seed=1: 2026-05-26 20:12:07,608 INFO FID = 52.8476  (n=2000)
2026-05-26 20:12:19,599 INFO wrote samples to outputs/samples/20260526T201209_validation_cifar10_unipc_nfe5_seed2_55b047/samples.npz (6.1 MB)
rho=15 nfe=5 seed=2: 2026-05-26 20:12:31,734 INFO FID = 52.5730  (n=2000)
2026-05-26 20:12:49,344 INFO wrote samples to outputs/samples/20260526T201233_validation_cifar10_unipc_nfe8_seed0_d6b977/samples.npz (6.1 MB)
rho=15 nfe=8 seed=0: 2026-05-26 20:13:01,599 INFO FID = 21.9986  (n=2000)
2026-05-26 20:13:19,249 INFO wrote samples to outputs/samples/20260526T201303_validation_cifar10_unipc_nfe8_seed1_42d30d/samples.npz (6.1 MB)
rho=15 nfe=8 seed=1: 2026-05-26 20:13:31,535 INFO FID = 22.5777  (n=2000)
2026-05-26 20:13:49,135 INFO wrote samples to outputs/samples/20260526T201333_validation_cifar10_unipc_nfe8_seed2_a21cdf/samples.npz (6.1 MB)
rho=15 nfe=8 seed=2: 2026-05-26 20:14:01,352 INFO FID = 22.5664  (n=2000)
2026-05-26 20:14:26,455 INFO wrote samples to outputs/samples/20260526T201403_validation_cifar10_unipc_nfe12_seed0_d9fbc9/samples.npz (6.1 MB)
rho=15 nfe=12 seed=0: 2026-05-26 20:14:38,557 INFO FID = 17.0258  (n=2000)
2026-05-26 20:15:03,676 INFO wrote samples to outputs/samples/20260526T201440_validation_cifar10_unipc_nfe12_seed1_ed2099/samples.npz (6.1 MB)
rho=15 nfe=12 seed=1: 2026-05-26 20:15:15,749 INFO FID = 17.1513  (n=2000)
2026-05-26 20:15:40,795 INFO wrote samples to outputs/samples/20260526T201517_validation_cifar10_unipc_nfe12_seed2_8d0034/samples.npz (6.1 MB)
rho=15 nfe=12 seed=2: 2026-05-26 20:15:52,959 INFO FID = 17.1831  (n=2000)
2026-05-26 20:16:29,277 INFO wrote samples to outputs/samples/20260526T201554_validation_cifar10_unipc_nfe18_seed0_462414/samples.npz (6.1 MB)
rho=15 nfe=18 seed=0: 2026-05-26 20:16:41,482 INFO FID = 15.9970  (n=2000)
2026-05-26 20:17:17,868 INFO wrote samples to outputs/samples/20260526T201643_validation_cifar10_unipc_nfe18_seed1_5c7ef7/samples.npz (6.1 MB)
rho=15 nfe=18 seed=1: 2026-05-26 20:17:30,079 INFO FID = 16.2155  (n=2000)
2026-05-26 20:18:06,542 INFO wrote samples to outputs/samples/20260526T201731_validation_cifar10_unipc_nfe18_seed2_8016cf/samples.npz (6.1 MB)
rho=15 nfe=18 seed=2: 2026-05-26 20:18:18,806 INFO FID = 16.1599  (n=2000)
2026-05-26 20:19:21,673 INFO wrote samples to outputs/samples/20260526T201820_validation_cifar10_unipc_nfe32_seed0_d2aed6/samples.npz (6.1 MB)
rho=15 nfe=32 seed=0: 2026-05-26 20:19:34,070 INFO FID = 15.8156  (n=2000)
2026-05-26 20:20:36,824 INFO wrote samples to outputs/samples/20260526T201935_validation_cifar10_unipc_nfe32_seed1_76dce8/samples.npz (6.1 MB)
rho=15 nfe=32 seed=1: 2026-05-26 20:20:49,243 INFO FID = 15.8883  (n=2000)
2026-05-26 20:21:52,021 INFO wrote samples to outputs/samples/20260526T202051_validation_cifar10_unipc_nfe32_seed2_176954/samples.npz (6.1 MB)
rho=15 nfe=32 seed=2: 2026-05-26 20:22:04,169 INFO FID = 15.8905  (n=2000)
2026-05-26 20:24:07,082 INFO wrote samples to outputs/samples/20260526T202205_validation_cifar10_unipc_nfe64_seed0_b62a1d/samples.npz (6.1 MB)
rho=15 nfe=64 seed=0: 2026-05-26 20:24:19,197 INFO FID = 15.7649  (n=2000)
2026-05-26 20:26:22,040 INFO wrote samples to outputs/samples/20260526T202420_validation_cifar10_unipc_nfe64_seed1_9719c3/samples.npz (6.1 MB)
rho=15 nfe=64 seed=1: 2026-05-26 20:26:34,131 INFO FID = 15.8202  (n=2000)
2026-05-26 20:28:36,947 INFO wrote samples to outputs/samples/20260526T202635_validation_cifar10_unipc_nfe64_seed2_faf7fc/samples.npz (6.1 MB)
rho=15 nfe=64 seed=2: 2026-05-26 20:28:49,091 INFO FID = 15.8251  (n=2000)
end: Tue May 26 08:28:49 PM PDT 2026
