=== tuned-rho* at locked protocol (10k samples) ===
start: Tue May 26 09:42:22 PM PDT 2026
2026-05-26 21:43:12,246 INFO wrote samples to outputs/samples/20260526T214223_validation_cifar10_unipc_nfe5_seed0_8d2e4e/samples.npz (30.7 MB)
rho=9 nfe=5 seed=0: 2026-05-26 21:43:31,452 INFO FID = 40.8246  (n=10000)
2026-05-26 21:44:21,499 INFO wrote samples to outputs/samples/20260526T214333_validation_cifar10_unipc_nfe5_seed1_41f6d2/samples.npz (30.7 MB)
rho=9 nfe=5 seed=1: 2026-05-26 21:44:40,891 INFO FID = 40.9680  (n=10000)
2026-05-26 21:45:30,971 INFO wrote samples to outputs/samples/20260526T214442_validation_cifar10_unipc_nfe5_seed2_fd01dc/samples.npz (30.7 MB)
rho=9 nfe=5 seed=2: 2026-05-26 21:45:49,906 INFO FID = 40.7712  (n=10000)
2026-05-26 21:47:08,254 INFO wrote samples to outputs/samples/20260526T214551_validation_cifar10_unipc_nfe8_seed0_759a81/samples.npz (30.7 MB)
rho=15 nfe=8 seed=0: 2026-05-26 21:47:27,660 INFO FID = 11.1843  (n=10000)
2026-05-26 21:48:46,001 INFO wrote samples to outputs/samples/20260526T214729_validation_cifar10_unipc_nfe8_seed1_689e10/samples.npz (30.7 MB)
rho=15 nfe=8 seed=1: 2026-05-26 21:49:05,101 INFO FID = 11.4192  (n=10000)
2026-05-26 21:50:23,441 INFO wrote samples to outputs/samples/20260526T214906_validation_cifar10_unipc_nfe8_seed2_56dd1c/samples.npz (30.7 MB)
rho=15 nfe=8 seed=2: 2026-05-26 21:50:42,796 INFO FID = 11.1185  (n=10000)
2026-05-26 21:52:38,760 INFO wrote samples to outputs/samples/20260526T215044_validation_cifar10_unipc_nfe12_seed0_e7dd9f/samples.npz (30.7 MB)
rho=12 nfe=12 seed=0: 2026-05-26 21:52:58,170 INFO FID = 5.7201  (n=10000)
2026-05-26 21:54:54,168 INFO wrote samples to outputs/samples/20260526T215259_validation_cifar10_unipc_nfe12_seed1_fe6df8/samples.npz (30.7 MB)
rho=12 nfe=12 seed=1: 2026-05-26 21:55:13,437 INFO FID = 5.8609  (n=10000)
2026-05-26 21:57:09,410 INFO wrote samples to outputs/samples/20260526T215515_validation_cifar10_unipc_nfe12_seed2_ca0d2d/samples.npz (30.7 MB)
rho=12 nfe=12 seed=2: 2026-05-26 21:57:28,853 INFO FID = 5.6802  (n=10000)
2026-05-26 22:00:21,358 INFO wrote samples to outputs/samples/20260526T215730_validation_cifar10_unipc_nfe18_seed0_15f73c/samples.npz (30.7 MB)
rho=12 nfe=18 seed=0: 2026-05-26 22:00:40,582 INFO FID = 4.7358  (n=10000)
2026-05-26 22:03:33,051 INFO wrote samples to outputs/samples/20260526T220042_validation_cifar10_unipc_nfe18_seed1_60e30f/samples.npz (30.7 MB)
rho=12 nfe=18 seed=1: 2026-05-26 22:03:52,372 INFO FID = 4.8342  (n=10000)
2026-05-26 22:06:44,842 INFO wrote samples to outputs/samples/20260526T220354_validation_cifar10_unipc_nfe18_seed2_05a0a7/samples.npz (30.7 MB)
rho=12 nfe=18 seed=2: 2026-05-26 22:07:04,343 INFO FID = 4.7139  (n=10000)
end: Tue May 26 10:07:04 PM PDT 2026
